<?xml version="1.0" encoding="UTF-8"?>
<testng-results ignored="0" total="1" passed="1" failed="0" skipped="0">
  <reporter-output>
  </reporter-output>
  <suite started-at="2022-08-30T16:36:55 IST" name="Default suite" finished-at="2022-08-30T16:37:05 IST" duration-ms="10667">
    <groups>
    </groups>
    <test started-at="2022-08-30T16:36:55 IST" name="Default test" finished-at="2022-08-30T16:37:05 IST" duration-ms="10667">
      <class name="com.hrm.testscripts.TestScripts">
        <test-method is-config="true" signature="loginbrowser()[pri:0, instance:com.hrm.testscripts.TestScripts@c8c12ac]" started-at="2022-08-30T16:36:55 IST" name="loginbrowser" finished-at="2022-08-30T16:37:00 IST" duration-ms="4722" status="PASS">
          <reporter-output>
          </reporter-output>
        </test-method> <!-- loginbrowser -->
        <test-method signature="adminTest()[pri:0, instance:com.hrm.testscripts.TestScripts@c8c12ac]" started-at="2022-08-30T16:37:00 IST" name="adminTest" finished-at="2022-08-30T16:37:05 IST" duration-ms="5899" status="PASS">
          <reporter-output>
          </reporter-output>
        </test-method> <!-- adminTest -->
      </class> <!-- com.hrm.testscripts.TestScripts -->
    </test> <!-- Default test -->
  </suite> <!-- Default suite -->
</testng-results>
