<?xml version="1.0" encoding="UTF-8"?>
<testng-results ignored="0" total="1" passed="1" failed="0" skipped="0">
  <reporter-output>
  </reporter-output>
  <suite started-at="2022-09-02T15:40:20 IST" name="Default suite" finished-at="2022-09-02T15:40:25 IST" duration-ms="5445">
    <groups>
    </groups>
    <test started-at="2022-09-02T15:40:20 IST" name="Default test" finished-at="2022-09-02T15:40:25 IST" duration-ms="5445">
      <class name="com.hrm.testscripts.AdminTestScripts">
        <test-method is-config="true" signature="init()[pri:0, instance:com.hrm.testscripts.AdminTestScripts@295cf707]" started-at="2022-09-02T15:40:20 IST" name="init" finished-at="2022-09-02T15:40:25 IST" duration-ms="5319" status="PASS">
          <reporter-output>
          </reporter-output>
        </test-method> <!-- init -->
        <test-method signature="adminScipts()[pri:0, instance:com.hrm.testscripts.AdminTestScripts@295cf707]" started-at="2022-09-02T15:40:25 IST" name="adminScipts" finished-at="2022-09-02T15:40:25 IST" duration-ms="8" status="PASS">
          <reporter-output>
          </reporter-output>
        </test-method> <!-- adminScipts -->
      </class> <!-- com.hrm.testscripts.AdminTestScripts -->
    </test> <!-- Default test -->
  </suite> <!-- Default suite -->
</testng-results>
